<?xml version="1.0" encoding="UTF-8"?>
<TestRun id="c822b9bf-5584-45d9-9e5b-e53904387f9c" name="Administrator@ISEC08 2014-05-29 08:48:24" runUser="ISEC08\Administrator" xmlns="http://microsoft.com/schemas/VisualStudio/TeamTest/2010">
  <TestSettings name="Local" id="e1853de3-f115-46b6-a1a5-8c99ab8e039a">
    <Description>These are default test settings for a local test run.</Description>
    <Deployment enabled="false" runDeploymentRoot="Administrator_ISEC08 2014-05-29 08_48_24">
      <DeploymentItem filename="C:\Users\Administrator\Documents\Sorting Program\Sorting Program\bin\Debug\Sorting Program.exe" />
    </Deployment>
    <Execution>
      <TestTypeSpecific />
      <AgentRule name="Execution Agents">
      </AgentRule>
    </Execution>
  </TestSettings>
  <Times creation="2014-05-29T08:48:24.5004851-05:00" queuing="2014-05-29T08:48:24.5790887-05:00" start="2014-05-29T08:48:24.5946888-05:00" finish="2014-05-29T08:48:24.7662891-05:00" />
  <ResultSummary outcome="Warning">
    <Counters total="3" executed="3" passed="3" error="0" failed="0" timeout="0" aborted="0" inconclusive="0" passedButRunAborted="0" notRunnable="0" notExecuted="0" disconnected="0" warning="0" completed="0" inProgress="0" pending="0" />
    <RunInfos>
      <RunInfo computerName="ISEC08" outcome="Warning" timestamp="2014-05-29T08:48:24.5790887-05:00">
        <Text>Deployment is currently disabled. The deployment item 'Sorting Program.exe' on test 'MainTestProject.MainTestFile.insertionSortTest2' was not deployed.</Text>
      </RunInfo>
    </RunInfos>
  </ResultSummary>
  <TestDefinitions>
    <UnitTest name="insertionSortTest2" storage="c:\users\administrator\documents\sorting program\maintestproject\bin\debug\maintestproject.dll" id="96d07003-1426-0073-968d-16c58a3479a7">
      <DeploymentItems>
        <DeploymentItem filename="Sorting Program.exe" />
      </DeploymentItems>
      <Execution id="a33f4e32-02e0-4658-ab20-d78487755f7d" />
      <TestMethod codeBase="C:/Users/Administrator/Documents/Sorting Program/MainTestProject/bin/Debug/MainTestProject.DLL" adapterTypeName="Microsoft.VisualStudio.TestTools.TestTypes.Unit.UnitTestAdapter, Microsoft.VisualStudio.QualityTools.Tips.UnitTest.Adapter, Version=10.0.0.0, Culture=neutral, PublicKeyToken=b03f5f7f11d50a3a" className="MainTestProject.MainTestFile, MainTestProject, Version=1.0.0.0, Culture=neutral, PublicKeyToken=null" name="insertionSortTest2" />
    </UnitTest>
    <UnitTest name="insertionSortTest1" storage="c:\users\administrator\documents\sorting program\maintestproject\bin\debug\maintestproject.dll" id="4a624652-968e-c04f-4eb4-48c87e0d958c">
      <DeploymentItems>
        <DeploymentItem filename="Sorting Program.exe" />
      </DeploymentItems>
      <Execution id="f569c5df-acad-4248-9b74-b430aa39e2c2" />
      <TestMethod codeBase="C:/Users/Administrator/Documents/Sorting Program/MainTestProject/bin/Debug/MainTestProject.DLL" adapterTypeName="Microsoft.VisualStudio.TestTools.TestTypes.Unit.UnitTestAdapter, Microsoft.VisualStudio.QualityTools.Tips.UnitTest.Adapter, Version=10.0.0.0, Culture=neutral, PublicKeyToken=b03f5f7f11d50a3a" className="MainTestProject.MainTestFile, MainTestProject, Version=1.0.0.0, Culture=neutral, PublicKeyToken=null" name="insertionSortTest1" />
    </UnitTest>
    <UnitTest name="insertionSortTest3" storage="c:\users\administrator\documents\sorting program\maintestproject\bin\debug\maintestproject.dll" id="0332e5f3-315c-8271-5e11-5e70bcadc891">
      <DeploymentItems>
        <DeploymentItem filename="Sorting Program.exe" />
      </DeploymentItems>
      <Execution id="052e77ab-0b60-457d-a3e8-c6fd594896d1" />
      <TestMethod codeBase="C:/Users/Administrator/Documents/Sorting Program/MainTestProject/bin/Debug/MainTestProject.DLL" adapterTypeName="Microsoft.VisualStudio.TestTools.TestTypes.Unit.UnitTestAdapter, Microsoft.VisualStudio.QualityTools.Tips.UnitTest.Adapter, Version=10.0.0.0, Culture=neutral, PublicKeyToken=b03f5f7f11d50a3a" className="MainTestProject.MainTestFile, MainTestProject, Version=1.0.0.0, Culture=neutral, PublicKeyToken=null" name="insertionSortTest3" />
    </UnitTest>
  </TestDefinitions>
  <TestLists>
    <TestList name="Results Not in a List" id="8c84fa94-04c1-424b-9868-57a2d4851a1d" />
    <TestList name="All Loaded Results" id="19431567-8539-422a-85d7-44ee4e166bda" />
  </TestLists>
  <TestEntries>
    <TestEntry testId="0332e5f3-315c-8271-5e11-5e70bcadc891" executionId="052e77ab-0b60-457d-a3e8-c6fd594896d1" testListId="8c84fa94-04c1-424b-9868-57a2d4851a1d" />
    <TestEntry testId="4a624652-968e-c04f-4eb4-48c87e0d958c" executionId="f569c5df-acad-4248-9b74-b430aa39e2c2" testListId="8c84fa94-04c1-424b-9868-57a2d4851a1d" />
    <TestEntry testId="96d07003-1426-0073-968d-16c58a3479a7" executionId="a33f4e32-02e0-4658-ab20-d78487755f7d" testListId="8c84fa94-04c1-424b-9868-57a2d4851a1d" />
  </TestEntries>
  <Results>
    <UnitTestResult executionId="052e77ab-0b60-457d-a3e8-c6fd594896d1" testId="0332e5f3-315c-8271-5e11-5e70bcadc891" testName="insertionSortTest3" computerName="ISEC08" duration="00:00:00.0197796" startTime="2014-05-29T08:48:24.5946888-05:00" endTime="2014-05-29T08:48:24.7506890-05:00" testType="13cdc9d9-ddb5-4fa4-a97d-d965ccfc6d4b" outcome="Passed" testListId="8c84fa94-04c1-424b-9868-57a2d4851a1d" relativeResultsDirectory="052e77ab-0b60-457d-a3e8-c6fd594896d1">
    </UnitTestResult>
    <UnitTestResult executionId="f569c5df-acad-4248-9b74-b430aa39e2c2" testId="4a624652-968e-c04f-4eb4-48c87e0d958c" testName="insertionSortTest1" computerName="ISEC08" duration="00:00:00.0014428" startTime="2014-05-29T08:48:24.7506890-05:00" endTime="2014-05-29T08:48:24.7506890-05:00" testType="13cdc9d9-ddb5-4fa4-a97d-d965ccfc6d4b" outcome="Passed" testListId="8c84fa94-04c1-424b-9868-57a2d4851a1d" relativeResultsDirectory="f569c5df-acad-4248-9b74-b430aa39e2c2">
    </UnitTestResult>
    <UnitTestResult executionId="a33f4e32-02e0-4658-ab20-d78487755f7d" testId="96d07003-1426-0073-968d-16c58a3479a7" testName="insertionSortTest2" computerName="ISEC08" duration="00:00:00.0013600" startTime="2014-05-29T08:48:24.7506890-05:00" endTime="2014-05-29T08:48:24.7506890-05:00" testType="13cdc9d9-ddb5-4fa4-a97d-d965ccfc6d4b" outcome="Passed" testListId="8c84fa94-04c1-424b-9868-57a2d4851a1d" relativeResultsDirectory="a33f4e32-02e0-4658-ab20-d78487755f7d">
    </UnitTestResult>
  </Results>
</TestRun>