<?xml version="1.0" encoding="UTF-8"?>
<TestRun id="d04f9fdb-e590-493e-bdc6-ec80d0d41d73" name="Administrator@ISEC08 2014-05-29 09:22:13" runUser="ISEC08\Administrator" xmlns="http://microsoft.com/schemas/VisualStudio/TeamTest/2010">
  <TestSettings name="Local" id="e1853de3-f115-46b6-a1a5-8c99ab8e039a">
    <Description>These are default test settings for a local test run.</Description>
    <Deployment enabled="false" runDeploymentRoot="Administrator_ISEC08 2014-05-29 09_22_13">
      <DeploymentItem filename="C:\Users\Administrator\Documents\Sorting Program\Sorting Program\bin\Debug\Sorting Program.exe" />
    </Deployment>
    <Execution>
      <TestTypeSpecific />
      <AgentRule name="Execution Agents">
      </AgentRule>
    </Execution>
  </TestSettings>
  <Times creation="2014-05-29T09:22:13.8089807-05:00" queuing="2014-05-29T09:22:13.8901836-05:00" start="2014-05-29T09:22:13.8901836-05:00" finish="2014-05-29T09:22:14.0929840-05:00" />
  <ResultSummary outcome="Warning">
    <Counters total="1" executed="1" passed="1" error="0" failed="0" timeout="0" aborted="0" inconclusive="0" passedButRunAborted="0" notRunnable="0" notExecuted="0" disconnected="0" warning="0" completed="0" inProgress="0" pending="0" />
    <RunInfos>
      <RunInfo computerName="ISEC08" outcome="Warning" timestamp="2014-05-29T09:22:13.8901836-05:00">
        <Text>Deployment is currently disabled. The deployment item 'Sorting Program.exe' on test 'MainTestProject.MainTestFile3.bubbleSortTest3' was not deployed.</Text>
      </RunInfo>
    </RunInfos>
  </ResultSummary>
  <TestDefinitions>
    <UnitTest name="bubbleSortTest3" storage="c:\users\administrator\documents\sorting program\maintestproject\bin\debug\maintestproject.dll" id="6ac90198-557b-b63b-0f23-aae6986f9a55">
      <DeploymentItems>
        <DeploymentItem filename="Sorting Program.exe" />
      </DeploymentItems>
      <Execution id="3fcd6367-1427-40dd-b39d-336330d52765" />
      <TestMethod codeBase="C:/Users/Administrator/Documents/Sorting Program/MainTestProject/bin/Debug/MainTestProject.DLL" adapterTypeName="Microsoft.VisualStudio.TestTools.TestTypes.Unit.UnitTestAdapter, Microsoft.VisualStudio.QualityTools.Tips.UnitTest.Adapter, Version=10.0.0.0, Culture=neutral, PublicKeyToken=b03f5f7f11d50a3a" className="MainTestProject.MainTestFile3, MainTestProject, Version=1.0.0.0, Culture=neutral, PublicKeyToken=null" name="bubbleSortTest3" />
    </UnitTest>
  </TestDefinitions>
  <TestLists>
    <TestList name="Results Not in a List" id="8c84fa94-04c1-424b-9868-57a2d4851a1d" />
    <TestList name="All Loaded Results" id="19431567-8539-422a-85d7-44ee4e166bda" />
  </TestLists>
  <TestEntries>
    <TestEntry testId="6ac90198-557b-b63b-0f23-aae6986f9a55" executionId="3fcd6367-1427-40dd-b39d-336330d52765" testListId="8c84fa94-04c1-424b-9868-57a2d4851a1d" />
  </TestEntries>
  <Results>
    <UnitTestResult executionId="3fcd6367-1427-40dd-b39d-336330d52765" testId="6ac90198-557b-b63b-0f23-aae6986f9a55" testName="bubbleSortTest3" computerName="ISEC08" duration="00:00:00.0201438" startTime="2014-05-29T09:22:13.8901836-05:00" endTime="2014-05-29T09:22:14.0773840-05:00" testType="13cdc9d9-ddb5-4fa4-a97d-d965ccfc6d4b" outcome="Passed" testListId="8c84fa94-04c1-424b-9868-57a2d4851a1d" relativeResultsDirectory="3fcd6367-1427-40dd-b39d-336330d52765">
    </UnitTestResult>
  </Results>
</TestRun>