<?xml version="1.0" encoding="UTF-8"?>
<TestRun id="0fb1912a-369e-4f86-8b07-defbb75bcae6" name="Administrator@ISEC08 2014-05-29 08:42:37" runUser="ISEC08\Administrator" xmlns="http://microsoft.com/schemas/VisualStudio/TeamTest/2010">
  <TestSettings name="Local" id="e1853de3-f115-46b6-a1a5-8c99ab8e039a">
    <Description>These are default test settings for a local test run.</Description>
    <Deployment userDeploymentRoot="C:\Users\Administrator\Documents\Sorting Program\TestResults" useDefaultDeploymentRoot="false" enabled="false" runDeploymentRoot="Administrator_ISEC08 2014-05-29 08_42_37">
      <DeploymentItem filename="C:\Users\Administrator\Documents\Sorting Program\Sorting Program\bin\Debug\Sorting Program.exe" />
    </Deployment>
    <Execution>
      <TestTypeSpecific />
      <AgentRule name="Execution Agents">
      </AgentRule>
    </Execution>
  </TestSettings>
  <Times creation="2014-05-29T08:42:37.3705988-05:00" queuing="2014-05-29T08:42:37.3976004-05:00" start="2014-05-29T08:42:37.4016006-05:00" finish="2014-05-29T08:42:37.5796108-05:00" />
  <ResultSummary outcome="Warning">
    <Counters total="1" executed="1" passed="1" error="0" failed="0" timeout="0" aborted="0" inconclusive="0" passedButRunAborted="0" notRunnable="0" notExecuted="0" disconnected="0" warning="0" completed="0" inProgress="0" pending="0" />
    <RunInfos>
      <RunInfo computerName="ISEC08" outcome="Warning" timestamp="2014-05-29T08:42:37.3966003-05:00">
        <Text>Deployment is currently disabled. The deployment item 'Sorting Program.exe' on test 'MainTestProject.MainTestFile.insertionSortTest1' was not deployed.</Text>
      </RunInfo>
    </RunInfos>
  </ResultSummary>
  <TestDefinitions>
    <UnitTest name="insertionSortTest1" storage="c:\users\administrator\documents\sorting program\maintestproject\bin\debug\maintestproject.dll" id="4a624652-968e-c04f-4eb4-48c87e0d958c">
      <DeploymentItems>
        <DeploymentItem filename="Sorting Program.exe" />
      </DeploymentItems>
      <Execution id="1274f8e3-a56a-41e4-8fd9-c87196cfe60b" />
      <TestMethod codeBase="C:/Users/Administrator/Documents/Sorting Program/MainTestProject/bin/Debug/MainTestProject.DLL" adapterTypeName="Microsoft.VisualStudio.TestTools.TestTypes.Unit.UnitTestAdapter, Microsoft.VisualStudio.QualityTools.Tips.UnitTest.Adapter, Version=10.0.0.0, Culture=neutral, PublicKeyToken=b03f5f7f11d50a3a" className="MainTestProject.MainTestFile, MainTestProject, Version=1.0.0.0, Culture=neutral, PublicKeyToken=null" name="insertionSortTest1" />
    </UnitTest>
  </TestDefinitions>
  <TestLists>
    <TestList name="Results Not in a List" id="8c84fa94-04c1-424b-9868-57a2d4851a1d" />
    <TestList name="All Loaded Results" id="19431567-8539-422a-85d7-44ee4e166bda" />
  </TestLists>
  <TestEntries>
    <TestEntry testId="4a624652-968e-c04f-4eb4-48c87e0d958c" executionId="1274f8e3-a56a-41e4-8fd9-c87196cfe60b" testListId="8c84fa94-04c1-424b-9868-57a2d4851a1d" />
  </TestEntries>
  <Results>
    <UnitTestResult executionId="1274f8e3-a56a-41e4-8fd9-c87196cfe60b" testId="4a624652-968e-c04f-4eb4-48c87e0d958c" testName="insertionSortTest1" computerName="ISEC08" duration="00:00:00.0197315" startTime="2014-05-29T08:42:37.4046008-05:00" endTime="2014-05-29T08:42:37.5676101-05:00" testType="13cdc9d9-ddb5-4fa4-a97d-d965ccfc6d4b" outcome="Passed" testListId="8c84fa94-04c1-424b-9868-57a2d4851a1d" relativeResultsDirectory="1274f8e3-a56a-41e4-8fd9-c87196cfe60b">
    </UnitTestResult>
  </Results>
</TestRun>