<?xml version="1.0" encoding="UTF-8"?>
<TestRun id="a9004dd8-cd0c-444b-b51d-18b3c3907e7f" name="Administrator@ISEC08 2014-05-29 17:50:55" runUser="ISEC08\Administrator" xmlns="http://microsoft.com/schemas/VisualStudio/TeamTest/2010">
  <TestSettings name="Local" id="e1853de3-f115-46b6-a1a5-8c99ab8e039a">
    <Description>These are default test settings for a local test run.</Description>
    <Deployment enabled="false" runDeploymentRoot="Administrator_ISEC08 2014-05-29 17_50_55">
      <DeploymentItem filename="C:\Users\Administrator\Documents\Sorting Program\Sorting Program\bin\Debug\Sorting Program.exe" />
    </Deployment>
    <Execution>
      <TestTypeSpecific />
      <AgentRule name="Execution Agents">
      </AgentRule>
    </Execution>
  </TestSettings>
  <Times creation="2014-05-29T17:50:55.2564722-05:00" queuing="2014-05-29T17:50:55.3444772-05:00" start="2014-05-29T17:50:55.3504776-05:00" finish="2014-05-29T17:50:55.5604896-05:00" />
  <ResultSummary outcome="Warning">
    <Counters total="9" executed="9" passed="9" error="0" failed="0" timeout="0" aborted="0" inconclusive="0" passedButRunAborted="0" notRunnable="0" notExecuted="0" disconnected="0" warning="0" completed="0" inProgress="0" pending="0" />
    <RunInfos>
      <RunInfo computerName="ISEC08" outcome="Warning" timestamp="2014-05-29T17:50:55.3444772-05:00">
        <Text>Deployment is currently disabled. The deployment item 'Sorting Program.exe' on test 'MainTestProject.MainTestFile3.bubbleSortTest3' was not deployed.</Text>
      </RunInfo>
    </RunInfos>
  </ResultSummary>
  <TestDefinitions>
    <UnitTest name="bubbleSortTest3" storage="c:\users\administrator\documents\sorting program\maintestproject\bin\debug\maintestproject.dll" id="6ac90198-557b-b63b-0f23-aae6986f9a55">
      <DeploymentItems>
        <DeploymentItem filename="Sorting Program.exe" />
      </DeploymentItems>
      <Execution id="0b911df1-bae1-4320-b864-f8b1bdbe04b2" />
      <TestMethod codeBase="C:/Users/Administrator/Documents/Sorting Program/MainTestProject/bin/Debug/MainTestProject.DLL" adapterTypeName="Microsoft.VisualStudio.TestTools.TestTypes.Unit.UnitTestAdapter, Microsoft.VisualStudio.QualityTools.Tips.UnitTest.Adapter, Version=10.0.0.0, Culture=neutral, PublicKeyToken=b03f5f7f11d50a3a" className="MainTestProject.MainTestFile3, MainTestProject, Version=1.0.0.0, Culture=neutral, PublicKeyToken=null" name="bubbleSortTest3" />
    </UnitTest>
    <UnitTest name="bubbleSortTest1" storage="c:\users\administrator\documents\sorting program\maintestproject\bin\debug\maintestproject.dll" id="8452b79f-e6a3-0273-1639-0fe865348c3b">
      <DeploymentItems>
        <DeploymentItem filename="Sorting Program.exe" />
      </DeploymentItems>
      <Execution id="b234bd2a-38be-42d3-a4eb-9a619531a81c" />
      <TestMethod codeBase="C:/Users/Administrator/Documents/Sorting Program/MainTestProject/bin/Debug/MainTestProject.DLL" adapterTypeName="Microsoft.VisualStudio.TestTools.TestTypes.Unit.UnitTestAdapter, Microsoft.VisualStudio.QualityTools.Tips.UnitTest.Adapter, Version=10.0.0.0, Culture=neutral, PublicKeyToken=b03f5f7f11d50a3a" className="MainTestProject.MainTestFile3, MainTestProject, Version=1.0.0.0, Culture=neutral, PublicKeyToken=null" name="bubbleSortTest1" />
    </UnitTest>
    <UnitTest name="shellSortTest1" storage="c:\users\administrator\documents\sorting program\maintestproject\bin\debug\maintestproject.dll" id="967d92b9-3e8b-941d-13f5-a706bd3544a4">
      <DeploymentItems>
        <DeploymentItem filename="Sorting Program.exe" />
      </DeploymentItems>
      <Execution id="19ff07a3-9131-484d-84e9-ddf6a711f3b6" />
      <TestMethod codeBase="C:/Users/Administrator/Documents/Sorting Program/MainTestProject/bin/Debug/MainTestProject.DLL" adapterTypeName="Microsoft.VisualStudio.TestTools.TestTypes.Unit.UnitTestAdapter, Microsoft.VisualStudio.QualityTools.Tips.UnitTest.Adapter, Version=10.0.0.0, Culture=neutral, PublicKeyToken=b03f5f7f11d50a3a" className="MainTestProject.MainTestFile2, MainTestProject, Version=1.0.0.0, Culture=neutral, PublicKeyToken=null" name="shellSortTest1" />
    </UnitTest>
    <UnitTest name="shellSortTest3" storage="c:\users\administrator\documents\sorting program\maintestproject\bin\debug\maintestproject.dll" id="ef7c86c7-ccd6-a6d5-e4ca-9dba9be4656b">
      <DeploymentItems>
        <DeploymentItem filename="Sorting Program.exe" />
      </DeploymentItems>
      <Execution id="f8924b74-3099-4a56-93ce-83967f8b55ec" />
      <TestMethod codeBase="C:/Users/Administrator/Documents/Sorting Program/MainTestProject/bin/Debug/MainTestProject.DLL" adapterTypeName="Microsoft.VisualStudio.TestTools.TestTypes.Unit.UnitTestAdapter, Microsoft.VisualStudio.QualityTools.Tips.UnitTest.Adapter, Version=10.0.0.0, Culture=neutral, PublicKeyToken=b03f5f7f11d50a3a" className="MainTestProject.MainTestFile2, MainTestProject, Version=1.0.0.0, Culture=neutral, PublicKeyToken=null" name="shellSortTest3" />
    </UnitTest>
    <UnitTest name="insertionSortTest1" storage="c:\users\administrator\documents\sorting program\maintestproject\bin\debug\maintestproject.dll" id="4a624652-968e-c04f-4eb4-48c87e0d958c">
      <DeploymentItems>
        <DeploymentItem filename="Sorting Program.exe" />
      </DeploymentItems>
      <Execution id="bd3a5fb7-bce3-4975-bb95-81d537bda48b" />
      <TestMethod codeBase="C:/Users/Administrator/Documents/Sorting Program/MainTestProject/bin/Debug/MainTestProject.DLL" adapterTypeName="Microsoft.VisualStudio.TestTools.TestTypes.Unit.UnitTestAdapter, Microsoft.VisualStudio.QualityTools.Tips.UnitTest.Adapter, Version=10.0.0.0, Culture=neutral, PublicKeyToken=b03f5f7f11d50a3a" className="MainTestProject.MainTestFile, MainTestProject, Version=1.0.0.0, Culture=neutral, PublicKeyToken=null" name="insertionSortTest1" />
    </UnitTest>
    <UnitTest name="insertionSortTest2" storage="c:\users\administrator\documents\sorting program\maintestproject\bin\debug\maintestproject.dll" id="96d07003-1426-0073-968d-16c58a3479a7">
      <DeploymentItems>
        <DeploymentItem filename="Sorting Program.exe" />
      </DeploymentItems>
      <Execution id="878678c9-4385-49d2-9568-ee1dbce4e214" />
      <TestMethod codeBase="C:/Users/Administrator/Documents/Sorting Program/MainTestProject/bin/Debug/MainTestProject.DLL" adapterTypeName="Microsoft.VisualStudio.TestTools.TestTypes.Unit.UnitTestAdapter, Microsoft.VisualStudio.QualityTools.Tips.UnitTest.Adapter, Version=10.0.0.0, Culture=neutral, PublicKeyToken=b03f5f7f11d50a3a" className="MainTestProject.MainTestFile, MainTestProject, Version=1.0.0.0, Culture=neutral, PublicKeyToken=null" name="insertionSortTest2" />
    </UnitTest>
    <UnitTest name="shellSortTest2" storage="c:\users\administrator\documents\sorting program\maintestproject\bin\debug\maintestproject.dll" id="94e32281-a7ae-72f1-cc69-5c754b4c93d1">
      <DeploymentItems>
        <DeploymentItem filename="Sorting Program.exe" />
      </DeploymentItems>
      <Execution id="5a668340-e46d-4a17-8132-b215988a68a7" />
      <TestMethod codeBase="C:/Users/Administrator/Documents/Sorting Program/MainTestProject/bin/Debug/MainTestProject.DLL" adapterTypeName="Microsoft.VisualStudio.TestTools.TestTypes.Unit.UnitTestAdapter, Microsoft.VisualStudio.QualityTools.Tips.UnitTest.Adapter, Version=10.0.0.0, Culture=neutral, PublicKeyToken=b03f5f7f11d50a3a" className="MainTestProject.MainTestFile2, MainTestProject, Version=1.0.0.0, Culture=neutral, PublicKeyToken=null" name="shellSortTest2" />
    </UnitTest>
    <UnitTest name="bubbleSortTest2" storage="c:\users\administrator\documents\sorting program\maintestproject\bin\debug\maintestproject.dll" id="df16a52f-5ddc-b930-e059-9881d8297d95">
      <DeploymentItems>
        <DeploymentItem filename="Sorting Program.exe" />
      </DeploymentItems>
      <Execution id="cc9642f9-e0d3-4d90-8a00-34993cc74eea" />
      <TestMethod codeBase="C:/Users/Administrator/Documents/Sorting Program/MainTestProject/bin/Debug/MainTestProject.DLL" adapterTypeName="Microsoft.VisualStudio.TestTools.TestTypes.Unit.UnitTestAdapter, Microsoft.VisualStudio.QualityTools.Tips.UnitTest.Adapter, Version=10.0.0.0, Culture=neutral, PublicKeyToken=b03f5f7f11d50a3a" className="MainTestProject.MainTestFile3, MainTestProject, Version=1.0.0.0, Culture=neutral, PublicKeyToken=null" name="bubbleSortTest2" />
    </UnitTest>
    <UnitTest name="insertionSortTest3" storage="c:\users\administrator\documents\sorting program\maintestproject\bin\debug\maintestproject.dll" id="0332e5f3-315c-8271-5e11-5e70bcadc891">
      <DeploymentItems>
        <DeploymentItem filename="Sorting Program.exe" />
      </DeploymentItems>
      <Execution id="b9ab4060-8790-492f-8d46-3863f680e56a" />
      <TestMethod codeBase="C:/Users/Administrator/Documents/Sorting Program/MainTestProject/bin/Debug/MainTestProject.DLL" adapterTypeName="Microsoft.VisualStudio.TestTools.TestTypes.Unit.UnitTestAdapter, Microsoft.VisualStudio.QualityTools.Tips.UnitTest.Adapter, Version=10.0.0.0, Culture=neutral, PublicKeyToken=b03f5f7f11d50a3a" className="MainTestProject.MainTestFile, MainTestProject, Version=1.0.0.0, Culture=neutral, PublicKeyToken=null" name="insertionSortTest3" />
    </UnitTest>
  </TestDefinitions>
  <TestLists>
    <TestList name="Results Not in a List" id="8c84fa94-04c1-424b-9868-57a2d4851a1d" />
    <TestList name="All Loaded Results" id="19431567-8539-422a-85d7-44ee4e166bda" />
  </TestLists>
  <TestEntries>
    <TestEntry testId="0332e5f3-315c-8271-5e11-5e70bcadc891" executionId="b9ab4060-8790-492f-8d46-3863f680e56a" testListId="8c84fa94-04c1-424b-9868-57a2d4851a1d" />
    <TestEntry testId="4a624652-968e-c04f-4eb4-48c87e0d958c" executionId="bd3a5fb7-bce3-4975-bb95-81d537bda48b" testListId="8c84fa94-04c1-424b-9868-57a2d4851a1d" />
    <TestEntry testId="6ac90198-557b-b63b-0f23-aae6986f9a55" executionId="0b911df1-bae1-4320-b864-f8b1bdbe04b2" testListId="8c84fa94-04c1-424b-9868-57a2d4851a1d" />
    <TestEntry testId="8452b79f-e6a3-0273-1639-0fe865348c3b" executionId="b234bd2a-38be-42d3-a4eb-9a619531a81c" testListId="8c84fa94-04c1-424b-9868-57a2d4851a1d" />
    <TestEntry testId="94e32281-a7ae-72f1-cc69-5c754b4c93d1" executionId="5a668340-e46d-4a17-8132-b215988a68a7" testListId="8c84fa94-04c1-424b-9868-57a2d4851a1d" />
    <TestEntry testId="967d92b9-3e8b-941d-13f5-a706bd3544a4" executionId="19ff07a3-9131-484d-84e9-ddf6a711f3b6" testListId="8c84fa94-04c1-424b-9868-57a2d4851a1d" />
    <TestEntry testId="96d07003-1426-0073-968d-16c58a3479a7" executionId="878678c9-4385-49d2-9568-ee1dbce4e214" testListId="8c84fa94-04c1-424b-9868-57a2d4851a1d" />
    <TestEntry testId="df16a52f-5ddc-b930-e059-9881d8297d95" executionId="cc9642f9-e0d3-4d90-8a00-34993cc74eea" testListId="8c84fa94-04c1-424b-9868-57a2d4851a1d" />
    <TestEntry testId="ef7c86c7-ccd6-a6d5-e4ca-9dba9be4656b" executionId="f8924b74-3099-4a56-93ce-83967f8b55ec" testListId="8c84fa94-04c1-424b-9868-57a2d4851a1d" />
  </TestEntries>
  <Results>
    <UnitTestResult executionId="b9ab4060-8790-492f-8d46-3863f680e56a" testId="0332e5f3-315c-8271-5e11-5e70bcadc891" testName="insertionSortTest3" computerName="ISEC08" duration="00:00:00.0202268" startTime="2014-05-29T17:50:55.3514776-05:00" endTime="2014-05-29T17:50:55.5144870-05:00" testType="13cdc9d9-ddb5-4fa4-a97d-d965ccfc6d4b" outcome="Passed" testListId="8c84fa94-04c1-424b-9868-57a2d4851a1d" relativeResultsDirectory="b9ab4060-8790-492f-8d46-3863f680e56a">
    </UnitTestResult>
    <UnitTestResult executionId="bd3a5fb7-bce3-4975-bb95-81d537bda48b" testId="4a624652-968e-c04f-4eb4-48c87e0d958c" testName="insertionSortTest1" computerName="ISEC08" duration="00:00:00.0014955" startTime="2014-05-29T17:50:55.5154870-05:00" endTime="2014-05-29T17:50:55.5194872-05:00" testType="13cdc9d9-ddb5-4fa4-a97d-d965ccfc6d4b" outcome="Passed" testListId="8c84fa94-04c1-424b-9868-57a2d4851a1d" relativeResultsDirectory="bd3a5fb7-bce3-4975-bb95-81d537bda48b">
    </UnitTestResult>
    <UnitTestResult executionId="0b911df1-bae1-4320-b864-f8b1bdbe04b2" testId="6ac90198-557b-b63b-0f23-aae6986f9a55" testName="bubbleSortTest3" computerName="ISEC08" duration="00:00:00.0015837" startTime="2014-05-29T17:50:55.5204873-05:00" endTime="2014-05-29T17:50:55.5234875-05:00" testType="13cdc9d9-ddb5-4fa4-a97d-d965ccfc6d4b" outcome="Passed" testListId="8c84fa94-04c1-424b-9868-57a2d4851a1d" relativeResultsDirectory="0b911df1-bae1-4320-b864-f8b1bdbe04b2">
    </UnitTestResult>
    <UnitTestResult executionId="b234bd2a-38be-42d3-a4eb-9a619531a81c" testId="8452b79f-e6a3-0273-1639-0fe865348c3b" testName="bubbleSortTest1" computerName="ISEC08" duration="00:00:00.0015730" startTime="2014-05-29T17:50:55.5244875-05:00" endTime="2014-05-29T17:50:55.5274877-05:00" testType="13cdc9d9-ddb5-4fa4-a97d-d965ccfc6d4b" outcome="Passed" testListId="8c84fa94-04c1-424b-9868-57a2d4851a1d" relativeResultsDirectory="b234bd2a-38be-42d3-a4eb-9a619531a81c">
    </UnitTestResult>
    <UnitTestResult executionId="5a668340-e46d-4a17-8132-b215988a68a7" testId="94e32281-a7ae-72f1-cc69-5c754b4c93d1" testName="shellSortTest2" computerName="ISEC08" duration="00:00:00.0021580" startTime="2014-05-29T17:50:55.5284878-05:00" endTime="2014-05-29T17:50:55.5324880-05:00" testType="13cdc9d9-ddb5-4fa4-a97d-d965ccfc6d4b" outcome="Passed" testListId="8c84fa94-04c1-424b-9868-57a2d4851a1d" relativeResultsDirectory="5a668340-e46d-4a17-8132-b215988a68a7">
    </UnitTestResult>
    <UnitTestResult executionId="19ff07a3-9131-484d-84e9-ddf6a711f3b6" testId="967d92b9-3e8b-941d-13f5-a706bd3544a4" testName="shellSortTest1" computerName="ISEC08" duration="00:00:00.0014410" startTime="2014-05-29T17:50:55.5334880-05:00" endTime="2014-05-29T17:50:55.5364882-05:00" testType="13cdc9d9-ddb5-4fa4-a97d-d965ccfc6d4b" outcome="Passed" testListId="8c84fa94-04c1-424b-9868-57a2d4851a1d" relativeResultsDirectory="19ff07a3-9131-484d-84e9-ddf6a711f3b6">
    </UnitTestResult>
    <UnitTestResult executionId="878678c9-4385-49d2-9568-ee1dbce4e214" testId="96d07003-1426-0073-968d-16c58a3479a7" testName="insertionSortTest2" computerName="ISEC08" duration="00:00:00.0015525" startTime="2014-05-29T17:50:55.5374883-05:00" endTime="2014-05-29T17:50:55.5404884-05:00" testType="13cdc9d9-ddb5-4fa4-a97d-d965ccfc6d4b" outcome="Passed" testListId="8c84fa94-04c1-424b-9868-57a2d4851a1d" relativeResultsDirectory="878678c9-4385-49d2-9568-ee1dbce4e214">
    </UnitTestResult>
    <UnitTestResult executionId="cc9642f9-e0d3-4d90-8a00-34993cc74eea" testId="df16a52f-5ddc-b930-e059-9881d8297d95" testName="bubbleSortTest2" computerName="ISEC08" duration="00:00:00.0014768" startTime="2014-05-29T17:50:55.5414885-05:00" endTime="2014-05-29T17:50:55.5454887-05:00" testType="13cdc9d9-ddb5-4fa4-a97d-d965ccfc6d4b" outcome="Passed" testListId="8c84fa94-04c1-424b-9868-57a2d4851a1d" relativeResultsDirectory="cc9642f9-e0d3-4d90-8a00-34993cc74eea">
    </UnitTestResult>
    <UnitTestResult executionId="f8924b74-3099-4a56-93ce-83967f8b55ec" testId="ef7c86c7-ccd6-a6d5-e4ca-9dba9be4656b" testName="shellSortTest3" computerName="ISEC08" duration="00:00:00.0015741" startTime="2014-05-29T17:50:55.5464888-05:00" endTime="2014-05-29T17:50:55.5504890-05:00" testType="13cdc9d9-ddb5-4fa4-a97d-d965ccfc6d4b" outcome="Passed" testListId="8c84fa94-04c1-424b-9868-57a2d4851a1d" relativeResultsDirectory="f8924b74-3099-4a56-93ce-83967f8b55ec">
    </UnitTestResult>
  </Results>
</TestRun>